
motozx: system execution failed.
Following is the set of recorded exceptions:

-------------------------------------------------------------------------------
Class / Object      Routine                Nature of exception           Effect
-------------------------------------------------------------------------------
STRING_8            to_integer @1          is_integer:                  
<0000000003FF5B68>  (From READABLE_STRING_GENERAL)
                                           Precondition violated.        Fail
-------------------------------------------------------------------------------
GAME_ENGINE         reception_highscore @5                              
<0000000003E705E8>                         Routine failure.              Fail
-------------------------------------------------------------------------------
GAME_ENGINE         on_key_pressed @20                                  
<0000000003E705E8>                         Routine failure.              Fail
-------------------------------------------------------------------------------
PROCEDURE           fast_call                                           
<0000000003E785A8>                         Routine failure.              Fail
-------------------------------------------------------------------------------
PROCEDURE           call @5                                             
<0000000003E785A8>                         Routine failure.              Fail
-------------------------------------------------------------------------------
ACTION_SEQUENCE     call @22                                            
<0000000003E783E8>                         Routine failure.              Fail
-------------------------------------------------------------------------------
GAME_WINDOW_SURFACED
                    key_pressed_events_dispatcher @4
<0000000003E77358>  (From GAME_WINDOW_EVENTS)
                                           Routine failure.              Fail
-------------------------------------------------------------------------------
GAME_WINDOW_SURFACED
                    inline-agent#2 of make @1
<0000000003E77358>  (From GAME_WINDOW_EVENTS)
                                           Routine failure.              Fail
-------------------------------------------------------------------------------
PROCEDURE           fast_call                                           
<0000000003E777F8>                         Routine failure.              Fail
-------------------------------------------------------------------------------
PROCEDURE           call @5                                             
<0000000003E777F8>                         Routine failure.              Fail
-------------------------------------------------------------------------------
ACTION_SEQUENCE     call @22                                            
<0000000003E70B18>                         Routine failure.              Fail
-------------------------------------------------------------------------------
GAME_EVENTS_CONTROLLER
                    decode_event @7        
<0000000003E70798>                         Routine failure.              Fail
-------------------------------------------------------------------------------
GAME_EVENTS_CONTROLLER
                    poll_event @8          
<0000000003E70798>                         Routine failure.              Fail
-------------------------------------------------------------------------------
GAME_LIBRARY_CONTROLLER
                    update_events @1       
<0000000003E70618>                         Routine failure.              Fail
-------------------------------------------------------------------------------
GAME_LIBRARY_CONTROLLER
                    launch @4              
<0000000003E70618>                         Routine failure.              Fail
-------------------------------------------------------------------------------
GAME_ENGINE         run_game @24                                        
<0000000003E705E8>                         Routine failure.              Fail
-------------------------------------------------------------------------------
GAME_ENGINE         make @5                                             
<0000000003E705E8>                         Routine failure.              Fail
-------------------------------------------------------------------------------
APPLICATION         make @1                                             
<0000000003E705A8>                         Routine failure.              Fail
-------------------------------------------------------------------------------
APPLICATION         root's creation                                     
<0000000003E705A8>                         Routine failure.              Exit
-------------------------------------------------------------------------------
